INFO: 2021/07/01 04:32:56 env.go:13: Successfully loaded .env file
INFO: 2021/07/01 04:32:57 setup.go:46: Successfully loaded database
INFO: 2021/07/01 04:32:57 setup.go:30: APIServer listening at port :8080
INFO: 2021/07/01 04:34:29 user.go:47: Success ADD USER: user1
INFO: 2021/07/01 04:35:01 user.go:87: username taken
INFO: 2021/07/01 04:35:14 user.go:29: Success GET USER: user1
INFO: 2021/07/01 04:39:44 user.go:47: Success ADD USER: user2
INFO: 2021/07/01 04:40:38 user.go:29: Success GET USER: user2
INFO: 2021/07/01 04:40:45 user.go:29: Success GET USER: user2
INFO: 2021/07/01 04:41:06 user.go:47: Success ADD USER: user3
INFO: 2021/07/01 04:41:12 user.go:29: Success GET USER: user3
INFO: 2021/07/01 04:48:49 user.go:29: Success GET USER: user3
INFO: 2021/07/01 04:49:00 user.go:16: record not found
INFO: 2021/07/01 04:51:07 user.go:29: Success GET USER: user3
INFO: 2021/07/01 04:51:18 user.go:29: Success GET USER: user3
INFO: 2021/07/01 04:53:59 user.go:29: Success GET USER: user3
INFO: 2021/07/01 04:54:39 user.go:29: Success GET USER: user3
INFO: 2021/07/01 04:57:10 user.go:29: Success GET USER: user3
INFO: 2021/07/01 04:58:43 user.go:29: Success GET USER: user3
INFO: 2021/07/01 04:59:29 user.go:29: Success GET USER: user3
INFO: 2021/07/01 05:07:19 user.go:29: Success GET USER: user3
INFO: 2021/07/01 05:08:44 user.go:29: Success GET USER: user3
INFO: 2021/07/01 05:11:21 user.go:29: Success GET USER: user3
INFO: 2021/07/01 05:12:41 user.go:29: Success GET USER: user3
INFO: 2021/07/01 05:15:24 user.go:29: Success GET USER: user3
INFO: 2021/07/01 05:16:07 user.go:29: Success GET USER: user3
INFO: 2021/07/01 05:17:53 user.go:29: Success GET USER: user3
INFO: 2021/07/01 05:32:18 user.go:47: Success ADD USER: user4
INFO: 2021/07/01 05:49:19 user.go:29: Success GET USER: user3
INFO: 2021/07/01 05:49:19 user.go:29: Success GET USER: user3
INFO: 2021/07/01 05:52:54 user.go:29: Success GET USER: user4
INFO: 2021/07/01 05:52:54 user.go:29: Success GET USER: user4
INFO: 2021/07/01 05:53:07 user.go:29: Success GET USER: user3
INFO: 2021/07/01 05:53:07 user.go:29: Success GET USER: user3
INFO: 2021/07/01 05:55:42 user.go:29: Success GET USER: user3
INFO: 2021/07/01 05:55:42 user.go:29: Success GET USER: user3
INFO: 2021/07/01 05:56:07 user.go:29: Success GET USER: user4
INFO: 2021/07/01 05:56:08 user.go:29: Success GET USER: user4
INFO: 2021/07/01 05:56:43 user.go:29: Success GET USER: user3
INFO: 2021/07/01 05:56:43 user.go:29: Success GET USER: user3
INFO: 2021/07/01 06:23:01 user.go:29: Success GET USER: user3
INFO: 2021/07/01 06:23:01 user.go:29: Success GET USER: user3
INFO: 2021/07/01 06:24:06 user.go:29: Success GET USER: user3
INFO: 2021/07/01 06:24:06 user.go:29: Success GET USER: user3
INFO: 2021/07/01 06:24:09 user.go:29: Success GET USER: user3
INFO: 2021/07/01 06:25:57 user.go:29: Success GET USER: user3
INFO: 2021/07/01 06:25:57 user.go:29: Success GET USER: user3
INFO: 2021/07/01 13:57:18 env.go:13: Successfully loaded .env file
INFO: 2021/07/01 13:57:18 setup.go:46: Successfully loaded database
INFO: 2021/07/01 13:57:18 setup.go:30: APIServer listening at port :8080
INFO: 2021/07/01 14:57:01 user.go:29: Success GET USER: user3
INFO: 2021/07/01 14:57:01 user.go:29: Success GET USER: user3
INFO: 2021/07/01 17:07:45 env.go:13: Successfully loaded .env file
INFO: 2021/07/01 17:07:46 setup.go:46: Successfully loaded database
INFO: 2021/07/01 17:07:46 setup.go:30: APIServer listening at port :8080
INFO: 2021/07/01 17:23:16 user.go:87: username taken
INFO: 2021/07/01 17:26:19 user.go:87: username taken
INFO: 2021/07/01 17:28:29 user.go:87: username taken
INFO: 2021/07/01 17:29:24 user.go:87: username taken
INFO: 2021/07/01 17:29:40 user.go:47: Success ADD USER: user5
INFO: 2021/07/01 17:31:31 user.go:87: username taken
INFO: 2021/07/01 17:31:42 user.go:47: Success ADD USER: user6
INFO: 2021/07/01 17:32:46 user.go:47: Success ADD USER: user7
INFO: 2021/07/01 17:34:53 user.go:87: username taken
INFO: 2021/07/01 17:36:53 user.go:47: Success ADD USER: user5
INFO: 2021/07/01 17:37:53 user.go:87: username taken
INFO: 2021/07/01 17:38:35 user.go:47: Success ADD USER: user5
INFO: 2021/07/01 17:45:02 user.go:29: Success GET USER: user5
INFO: 2021/07/01 17:45:02 user.go:29: Success GET USER: user5
INFO: 2021/07/01 17:56:45 user.go:87: username taken
INFO: 2021/07/01 17:58:49 user.go:87: username taken
INFO: 2021/07/01 18:03:41 user.go:87: username taken
INFO: 2021/07/01 18:04:21 user.go:87: username taken
INFO: 2021/07/01 18:31:02 user.go:29: Success GET USER: user5
INFO: 2021/07/01 18:31:02 user.go:29: Success GET USER: user5
INFO: 2021/07/01 18:31:02 usersetting.go:82: Success UPDATE USERSETTING: 13
INFO: 2021/07/01 18:31:02 user.go:29: Success GET USER: user5
INFO: 2021/07/01 18:38:04 user.go:29: Success GET USER: user5
INFO: 2021/07/01 18:38:05 user.go:29: Success GET USER: user5
INFO: 2021/07/01 18:38:05 usersetting.go:82: Success UPDATE USERSETTING: 13
INFO: 2021/07/01 18:38:05 user.go:29: Success GET USER: user5
INFO: 2021/07/01 18:58:09 user.go:47: Success ADD USER: user5
INFO: 2021/07/01 18:58:09 user.go:29: Success GET USER: user5
INFO: 2021/07/01 18:58:10 usersetting.go:46: Success ADD USERSETTING: 14
INFO: 2021/07/01 18:59:50 user.go:29: Success GET USER: user5
INFO: 2021/07/01 18:59:50 user.go:29: Success GET USER: user5
INFO: 2021/07/01 18:59:50 usersetting.go:82: Success UPDATE USERSETTING: 14
INFO: 2021/07/01 18:59:50 user.go:29: Success GET USER: user5
INFO: 2021/07/01 19:00:19 user.go:29: Success GET USER: user5
INFO: 2021/07/01 19:00:21 user.go:29: Success GET USER: user5
INFO: 2021/07/01 19:00:29 user.go:29: Success GET USER: user5
INFO: 2021/07/01 19:13:01 user.go:29: Success GET USER: user5
INFO: 2021/07/01 19:13:01 user.go:29: Success GET USER: user5
INFO: 2021/07/01 19:13:02 usersetting.go:82: Success UPDATE USERSETTING: 14
INFO: 2021/07/01 19:13:02 user.go:29: Success GET USER: user5
INFO: 2021/07/01 19:14:20 user.go:29: Success GET USER: user5
INFO: 2021/07/01 19:14:21 user.go:29: Success GET USER: user5
INFO: 2021/07/01 19:14:21 usersetting.go:82: Success UPDATE USERSETTING: 14
INFO: 2021/07/01 19:14:21 user.go:29: Success GET USER: user5
INFO: 2021/07/01 19:15:09 user.go:29: Success GET USER: user5
INFO: 2021/07/01 19:15:10 user.go:29: Success GET USER: user5
INFO: 2021/07/01 19:15:10 usersetting.go:82: Success UPDATE USERSETTING: 14
INFO: 2021/07/01 19:15:10 user.go:29: Success GET USER: user5
INFO: 2021/07/01 19:17:44 user.go:29: Success GET USER: user5
INFO: 2021/07/01 19:17:44 user.go:29: Success GET USER: user5
INFO: 2021/07/01 19:17:44 usersetting.go:82: Success UPDATE USERSETTING: 14
INFO: 2021/07/01 19:17:44 user.go:29: Success GET USER: user5
INFO: 2021/07/01 19:19:19 user.go:29: Success GET USER: user5
INFO: 2021/07/01 19:19:19 user.go:29: Success GET USER: user5
INFO: 2021/07/01 19:19:20 usersetting.go:82: Success UPDATE USERSETTING: 14
INFO: 2021/07/01 19:19:20 user.go:29: Success GET USER: user5
INFO: 2021/07/01 19:19:31 user.go:29: Success GET USER: user5
INFO: 2021/07/01 19:19:32 user.go:29: Success GET USER: user5
INFO: 2021/07/01 19:19:34 user.go:29: Success GET USER: user5
INFO: 2021/07/01 19:19:34 user.go:29: Success GET USER: user5
INFO: 2021/07/01 19:19:35 user.go:29: Success GET USER: user5
INFO: 2021/07/01 19:19:36 user.go:29: Success GET USER: user5
INFO: 2021/07/01 19:19:37 user.go:29: Success GET USER: user5
INFO: 2021/07/01 19:19:38 user.go:29: Success GET USER: user5
INFO: 2021/07/01 19:19:39 user.go:29: Success GET USER: user5
INFO: 2021/07/01 20:14:12 env.go:13: Successfully loaded .env file
INFO: 2021/07/01 20:14:12 setup.go:46: Successfully loaded database
INFO: 2021/07/01 20:14:12 setup.go:30: APIServer listening at port :8080
INFO: 2021/07/01 20:14:20 user.go:29: Success GET USER: user5
INFO: 2021/07/01 20:14:20 user.go:29: Success GET USER: user5
INFO: 2021/07/01 20:14:20 usersetting.go:82: Success UPDATE USERSETTING: 14
INFO: 2021/07/01 20:14:20 user.go:29: Success GET USER: user5
INFO: 2021/07/01 20:14:29 user.go:29: Success GET USER: user3
INFO: 2021/07/01 20:14:29 user.go:29: Success GET USER: user3
INFO: 2021/07/01 20:14:29 usersetting.go:82: Success UPDATE USERSETTING: 7
INFO: 2021/07/01 20:14:29 user.go:29: Success GET USER: user3
INFO: 2021/07/01 20:14:34 user.go:16: record not found
INFO: 2021/07/01 20:15:08 user.go:29: Success GET USER: user5
INFO: 2021/07/01 20:15:08 user.go:29: Success GET USER: user5
INFO: 2021/07/01 20:15:08 usersetting.go:82: Success UPDATE USERSETTING: 14
INFO: 2021/07/01 20:15:08 user.go:29: Success GET USER: user5
INFO: 2021/07/01 20:16:45 user.go:29: Success GET USER: user5
INFO: 2021/07/01 20:53:58 env.go:13: Successfully loaded .env file
INFO: 2021/07/01 20:54:06 setup.go:46: Successfully loaded database
INFO: 2021/07/01 20:54:06 setup.go:30: APIServer listening at port :8080
INFO: 2021/07/01 20:55:57 user.go:47: Success ADD USER: user1
INFO: 2021/07/01 20:55:57 user.go:29: Success GET USER: user1
INFO: 2021/07/01 20:55:57 usersetting.go:57: Success ADD USERSETTING: 1
INFO: 2021/07/01 20:56:04 user.go:29: Success GET USER: user1
INFO: 2021/07/01 20:56:04 user.go:29: Success GET USER: user1
INFO: 2021/07/01 20:56:04 user.go:29: Success GET USER: user1
INFO: 2021/07/01 20:56:05 usersetting.go:93: Success UPDATE USERSETTING: 1
INFO: 2021/07/01 20:56:05 user.go:29: Success GET USER: user1
INFO: 2021/07/01 21:08:55 user.go:29: Success GET USER: user1
INFO: 2021/07/01 21:08:55 user.go:29: Success GET USER: user1
INFO: 2021/07/01 21:08:55 user.go:29: Success GET USER: user1
INFO: 2021/07/01 21:08:55 usersetting.go:93: Success UPDATE USERSETTING: 1
INFO: 2021/07/01 21:08:55 user.go:29: Success GET USER: user1
INFO: 2021/07/01 21:14:58 user.go:29: Success GET USER: user1
INFO: 2021/07/01 21:14:58 user.go:29: Success GET USER: user1
INFO: 2021/07/01 21:14:58 user.go:29: Success GET USER: user1
INFO: 2021/07/01 21:14:59 usersetting.go:93: Success UPDATE USERSETTING: 1
INFO: 2021/07/01 21:14:59 user.go:29: Success GET USER: user1
INFO: 2021/07/01 21:16:22 user.go:29: Success GET USER: user1
INFO: 2021/07/01 21:16:22 user.go:29: Success GET USER: user1
INFO: 2021/07/01 21:16:22 user.go:29: Success GET USER: user1
INFO: 2021/07/01 21:16:23 usersetting.go:93: Success UPDATE USERSETTING: 1
INFO: 2021/07/01 21:16:23 user.go:29: Success GET USER: user1
INFO: 2021/07/01 21:19:09 user.go:29: Success GET USER: user1
INFO: 2021/07/01 21:19:09 user.go:29: Success GET USER: user1
INFO: 2021/07/01 21:19:09 user.go:29: Success GET USER: user1
INFO: 2021/07/01 21:19:09 usersetting.go:93: Success UPDATE USERSETTING: 1
INFO: 2021/07/01 21:19:09 user.go:29: Success GET USER: user1
INFO: 2021/07/01 21:19:41 user.go:29: Success GET USER: user1
INFO: 2021/07/01 21:19:41 user.go:29: Success GET USER: user1
INFO: 2021/07/01 21:19:41 user.go:29: Success GET USER: user1
INFO: 2021/07/01 21:19:41 usersetting.go:93: Success UPDATE USERSETTING: 1
INFO: 2021/07/01 21:19:41 user.go:29: Success GET USER: user1
INFO: 2021/07/01 21:20:58 user.go:29: Success GET USER: user1
INFO: 2021/07/01 21:20:58 user.go:29: Success GET USER: user1
INFO: 2021/07/01 21:20:58 user.go:29: Success GET USER: user1
INFO: 2021/07/01 21:20:58 usersetting.go:93: Success UPDATE USERSETTING: 1
INFO: 2021/07/01 21:20:58 user.go:29: Success GET USER: user1
INFO: 2021/07/01 21:21:27 inv.go:46: Success ADD INV: Fridge Items
INFO: 2021/07/01 21:24:28 user.go:29: Success GET USER: user1
INFO: 2021/07/01 21:24:28 user.go:29: Success GET USER: user1
INFO: 2021/07/01 21:24:28 user.go:29: Success GET USER: user1
INFO: 2021/07/01 21:24:28 usersetting.go:93: Success UPDATE USERSETTING: 1
INFO: 2021/07/01 21:24:28 user.go:29: Success GET USER: user1
INFO: 2021/07/01 21:25:07 inv.go:46: Success ADD INV: StoreRoom
INFO: 2021/07/01 21:27:16 env.go:13: Successfully loaded .env file
INFO: 2021/07/01 21:27:16 setup.go:46: Successfully loaded database
INFO: 2021/07/01 21:27:16 setup.go:30: APIServer listening at port :8080
INFO: 2021/07/01 21:27:32 inv.go:46: Success ADD INV: StudyRoom
INFO: 2021/07/01 21:28:42 user.go:29: Success GET USER: user1
INFO: 2021/07/01 22:17:03 user.go:29: Success GET USER: user1
INFO: 2021/07/01 22:17:03 user.go:29: Success GET USER: user1
INFO: 2021/07/01 22:17:03 user.go:29: Success GET USER: user1
INFO: 2021/07/01 22:17:03 usersetting.go:93: Success UPDATE USERSETTING: 1
INFO: 2021/07/01 22:17:03 user.go:29: Success GET USER: user1
INFO: 2021/07/01 22:17:12 user.go:29: Success GET USER: user1
INFO: 2021/07/01 22:18:16 user.go:29: Success GET USER: user1
INFO: 2021/07/01 22:18:16 user.go:29: Success GET USER: user1
INFO: 2021/07/01 22:18:16 user.go:29: Success GET USER: user1
INFO: 2021/07/01 22:18:16 usersetting.go:93: Success UPDATE USERSETTING: 1
INFO: 2021/07/01 22:18:16 user.go:29: Success GET USER: user1
INFO: 2021/07/01 22:23:55 user.go:29: Success GET USER: user1
INFO: 2021/07/01 22:23:55 user.go:29: Success GET USER: user1
INFO: 2021/07/01 22:23:55 user.go:29: Success GET USER: user1
INFO: 2021/07/01 22:23:55 usersetting.go:93: Success UPDATE USERSETTING: 1
INFO: 2021/07/01 22:23:55 user.go:29: Success GET USER: user1
INFO: 2021/07/01 22:26:35 user.go:29: Success GET USER: user1
INFO: 2021/07/01 22:26:36 user.go:29: Success GET USER: user1
INFO: 2021/07/01 22:26:36 user.go:29: Success GET USER: user1
INFO: 2021/07/01 22:26:36 usersetting.go:93: Success UPDATE USERSETTING: 1
INFO: 2021/07/01 22:26:36 user.go:29: Success GET USER: user1
INFO: 2021/07/01 22:29:03 user.go:29: Success GET USER: user1
INFO: 2021/07/01 22:33:11 user.go:29: Success GET USER: user1
INFO: 2021/07/01 22:33:11 user.go:29: Success GET USER: user1
INFO: 2021/07/01 22:33:11 user.go:29: Success GET USER: user1
INFO: 2021/07/01 22:33:12 usersetting.go:93: Success UPDATE USERSETTING: 1
INFO: 2021/07/01 22:33:25 user.go:47: Success ADD USER: Test
INFO: 2021/07/01 22:33:25 user.go:29: Success GET USER: Test
INFO: 2021/07/01 22:33:25 usersetting.go:57: Success ADD USERSETTING: 2
INFO: 2021/07/01 22:33:43 user.go:29: Success GET USER: user1
INFO: 2021/07/01 22:33:43 user.go:29: Success GET USER: user1
INFO: 2021/07/01 22:33:43 user.go:29: Success GET USER: user1
INFO: 2021/07/01 22:33:43 usersetting.go:93: Success UPDATE USERSETTING: 1
INFO: 2021/07/01 22:33:50 user.go:29: Success GET USER: Test
INFO: 2021/07/01 22:33:50 user.go:29: Success GET USER: Test
INFO: 2021/07/01 22:33:50 user.go:29: Success GET USER: Test
INFO: 2021/07/01 22:33:50 usersetting.go:93: Success UPDATE USERSETTING: 2
INFO: 2021/07/01 22:37:14 user.go:29: Success GET USER: user1
INFO: 2021/07/01 22:37:14 user.go:29: Success GET USER: user1
INFO: 2021/07/01 22:37:14 user.go:29: Success GET USER: user1
INFO: 2021/07/01 22:37:14 usersetting.go:93: Success UPDATE USERSETTING: 1
INFO: 2021/07/01 22:37:14 user.go:29: Success GET USER: user1
INFO: 2021/07/01 22:38:06 user.go:29: Success GET USER: user1
INFO: 2021/07/01 22:38:12 user.go:29: Success GET USER: user1
INFO: 2021/07/01 22:39:07 user.go:29: Success GET USER: user1
INFO: 2021/07/01 22:39:07 user.go:29: Success GET USER: user1
INFO: 2021/07/01 22:39:07 user.go:29: Success GET USER: user1
INFO: 2021/07/01 22:39:07 usersetting.go:93: Success UPDATE USERSETTING: 1
INFO: 2021/07/01 22:39:07 user.go:29: Success GET USER: user1
INFO: 2021/07/01 22:40:34 user.go:29: Success GET USER: user1
INFO: 2021/07/01 22:40:34 user.go:29: Success GET USER: user1
INFO: 2021/07/01 22:40:34 user.go:29: Success GET USER: user1
INFO: 2021/07/01 22:40:34 usersetting.go:93: Success UPDATE USERSETTING: 1
INFO: 2021/07/01 22:40:34 user.go:29: Success GET USER: user1
INFO: 2021/07/01 22:44:38 user.go:29: Success GET USER: user1
INFO: 2021/07/01 22:44:38 user.go:29: Success GET USER: user1
INFO: 2021/07/01 22:44:38 user.go:29: Success GET USER: user1
INFO: 2021/07/01 22:44:38 usersetting.go:93: Success UPDATE USERSETTING: 1
INFO: 2021/07/01 22:44:38 user.go:29: Success GET USER: user1
INFO: 2021/07/01 22:44:56 user.go:29: Success GET USER: user1
INFO: 2021/07/01 22:45:27 user.go:29: Success GET USER: user1
INFO: 2021/07/01 22:47:05 user.go:29: Success GET USER: user1
INFO: 2021/07/01 22:47:05 user.go:29: Success GET USER: user1
INFO: 2021/07/01 22:47:05 user.go:29: Success GET USER: user1
INFO: 2021/07/01 22:47:06 usersetting.go:93: Success UPDATE USERSETTING: 1
INFO: 2021/07/01 22:47:06 user.go:29: Success GET USER: user1
INFO: 2021/07/01 22:47:14 user.go:29: Success GET USER: user1
INFO: 2021/07/01 22:47:26 user.go:29: Success GET USER: user1
INFO: 2021/07/01 22:47:36 user.go:29: Success GET USER: user1
INFO: 2021/07/01 22:47:48 user.go:29: Success GET USER: user1
INFO: 2021/07/01 22:49:20 user.go:29: Success GET USER: user1
INFO: 2021/07/01 22:49:58 user.go:29: Success GET USER: user1
INFO: 2021/07/01 23:28:58 user.go:29: Success GET USER: user1
INFO: 2021/07/01 23:28:58 user.go:29: Success GET USER: user1
INFO: 2021/07/01 23:28:58 user.go:29: Success GET USER: user1
INFO: 2021/07/01 23:28:58 usersetting.go:93: Success UPDATE USERSETTING: 1
INFO: 2021/07/01 23:28:58 user.go:29: Success GET USER: user1
INFO: 2021/07/01 23:48:20 user.go:29: Success GET USER: user1
INFO: 2021/07/01 23:48:20 user.go:29: Success GET USER: user1
INFO: 2021/07/01 23:48:20 user.go:29: Success GET USER: user1
INFO: 2021/07/01 23:48:20 usersetting.go:93: Success UPDATE USERSETTING: 1
INFO: 2021/07/01 23:48:20 user.go:29: Success GET USER: user1
INFO: 2021/07/01 23:48:23 user.go:29: Success GET USER: user1
INFO: 2021/07/01 23:54:36 user.go:29: Success GET USER: user1
INFO: 2021/07/01 23:54:36 user.go:29: Success GET USER: user1
INFO: 2021/07/01 23:54:36 user.go:29: Success GET USER: user1
INFO: 2021/07/01 23:54:36 usersetting.go:93: Success UPDATE USERSETTING: 1
INFO: 2021/07/01 23:54:36 user.go:29: Success GET USER: user1
INFO: 2021/07/01 23:54:38 user.go:29: Success GET USER: user1
INFO: 2021/07/01 23:55:14 user.go:29: Success GET USER: user1
INFO: 2021/07/01 23:55:15 user.go:29: Success GET USER: user1
INFO: 2021/07/01 23:55:15 item.go:46: Success ADD Item: Mars Bar
INFO: 2021/07/01 23:59:25 user.go:29: Success GET USER: user1
