INFO: 2021/06/30 00:00:27 env.go:13: Successfully loaded .env file
INFO: 2021/06/30 00:00:27 setup.go:46: Successfully loaded database
INFO: 2021/06/30 00:00:27 setup.go:25: APIServer listening at port :8080
INFO: 2021/06/30 00:00:33 user.go:79: username taken
INFO: 2021/06/30 00:00:43 user.go:79: username taken
INFO: 2021/06/30 00:00:55 user.go:79: username taken
INFO: 2021/06/30 00:01:00 user.go:79: username taken
INFO: 2021/06/30 00:04:42 env.go:13: Successfully loaded .env file
INFO: 2021/06/30 00:04:42 setup.go:46: Successfully loaded database
INFO: 2021/06/30 00:04:42 setup.go:25: APIServer listening at port :8080
INFO: 2021/06/30 00:04:50 user.go:79: username taken
INFO: 2021/06/30 00:05:38 env.go:13: Successfully loaded .env file
INFO: 2021/06/30 00:05:39 setup.go:46: Successfully loaded database
INFO: 2021/06/30 00:05:39 setup.go:25: APIServer listening at port :8080
INFO: 2021/06/30 00:05:41 user.go:79: username taken
INFO: 2021/06/30 00:05:50 user.go:79: username taken
INFO: 2021/06/30 00:06:37 env.go:13: Successfully loaded .env file
INFO: 2021/06/30 00:06:37 setup.go:46: Successfully loaded database
INFO: 2021/06/30 00:06:37 setup.go:25: APIServer listening at port :8080
INFO: 2021/06/30 00:06:43 user.go:79: username taken
INFO: 2021/06/30 00:06:52 user.go:62: Success ADD USER: user2
INFO: 2021/06/30 00:07:27 user.go:79: username taken
INFO: 2021/06/30 00:12:25 env.go:13: Successfully loaded .env file
INFO: 2021/06/30 00:12:26 setup.go:46: Successfully loaded database
INFO: 2021/06/30 00:12:26 setup.go:25: APIServer listening at port :8080
INFO: 2021/06/30 00:12:47 user.go:78: Success DEL USER: user2
INFO: 2021/06/30 00:12:51 user.go:78: Success DEL USER: user2
INFO: 2021/06/30 00:12:53 user.go:78: Success DEL USER: user2
INFO: 2021/06/30 00:12:54 user.go:78: Success DEL USER: user2
INFO: 2021/06/30 00:19:13 env.go:13: Successfully loaded .env file
INFO: 2021/06/30 00:19:13 setup.go:46: Successfully loaded database
INFO: 2021/06/30 00:19:13 setup.go:25: APIServer listening at port :8080
INFO: 2021/06/30 00:19:29 user.go:80: Success DEL USER: user1
WARNING: 2021/06/30 00:20:11 user.go:71: &{0xc0001ae240 <nil> 1 0xc000241340 0}
INFO: 2021/06/30 00:21:36 env.go:13: Successfully loaded .env file
INFO: 2021/06/30 00:21:36 setup.go:46: Successfully loaded database
INFO: 2021/06/30 00:21:36 setup.go:25: APIServer listening at port :8080
INFO: 2021/06/30 00:21:40 user.go:99: Success UPDATE USER: admin
INFO: 2021/06/30 00:21:55 user.go:99: Success UPDATE USER: admin
WARNING: 2021/06/30 00:27:00 user.go:44: Error 1054: Unknown column 'username' in 'where clause'
INFO: 2021/06/30 00:28:39 env.go:13: Successfully loaded .env file
INFO: 2021/06/30 00:28:39 setup.go:46: Successfully loaded database
INFO: 2021/06/30 00:28:39 setup.go:25: APIServer listening at port :8080
INFO: 2021/06/30 00:28:42 user.go:44: Success GET USER: admin
INFO: 2021/06/30 00:35:26 env.go:13: Successfully loaded .env file
INFO: 2021/06/30 00:35:26 setup.go:46: Successfully loaded database
INFO: 2021/06/30 00:35:26 setup.go:25: APIServer listening at port :8080
INFO: 2021/06/30 00:35:30 user.go:44: Success GET USER: admin
INFO: 2021/06/30 00:41:52 env.go:13: Successfully loaded .env file
INFO: 2021/06/30 00:41:52 setup.go:46: Successfully loaded database
INFO: 2021/06/30 00:41:53 setup.go:25: APIServer listening at port :8080
INFO: 2021/06/30 00:42:02 user.go:44: Success GET USER: admin
INFO: 2021/06/30 00:53:48 env.go:13: Successfully loaded .env file
INFO: 2021/06/30 00:53:49 setup.go:46: Successfully loaded database
INFO: 2021/06/30 00:53:49 setup.go:25: APIServer listening at port :8080
INFO: 2021/06/30 00:53:52 user.go:44: Success GET USER: admin
INFO: 2021/06/30 00:56:54 env.go:13: Successfully loaded .env file
INFO: 2021/06/30 00:56:54 setup.go:46: Successfully loaded database
INFO: 2021/06/30 00:56:54 setup.go:25: APIServer listening at port :8080
INFO: 2021/06/30 00:56:58 user.go:44: Success GET USER: admin
INFO: 2021/06/30 04:54:16 env.go:13: Successfully loaded .env file
INFO: 2021/06/30 04:54:17 setup.go:46: Successfully loaded database
INFO: 2021/06/30 04:54:17 setup.go:30: APIServer listening at port :8080
INFO: 2021/06/30 05:03:31 env.go:13: Successfully loaded .env file
INFO: 2021/06/30 05:03:31 setup.go:46: Successfully loaded database
INFO: 2021/06/30 05:03:31 setup.go:29: APIServer listening at port :8080
INFO: 2021/06/30 05:03:45 user.go:29: Success GET USER: admin
INFO: 2021/06/30 05:04:02 user.go:29: Success GET USER: admin
INFO: 2021/06/30 05:06:58 env.go:13: Successfully loaded .env file
INFO: 2021/06/30 05:06:58 setup.go:46: Successfully loaded database
INFO: 2021/06/30 05:06:58 setup.go:30: APIServer listening at port :8080
INFO: 2021/06/30 05:07:01 jwt.go:61: Client Authenticated
INFO: 2021/06/30 05:07:02 user.go:29: Success GET USER: admin
INFO: 2021/06/30 05:07:35 jwt.go:61: Client Authenticated
INFO: 2021/06/30 05:07:35 user.go:29: Success GET USER: admin
INFO: 2021/06/30 05:12:58 env.go:13: Successfully loaded .env file
INFO: 2021/06/30 05:12:58 setup.go:46: Successfully loaded database
INFO: 2021/06/30 05:12:58 setup.go:30: APIServer listening at port :8080
INFO: 2021/06/30 05:13:13 jwt.go:62: Client Authenticated
INFO: 2021/06/30 05:13:13 user.go:29: Success GET USER: admin
INFO: 2021/06/30 05:13:49 env.go:13: Successfully loaded .env file
INFO: 2021/06/30 05:13:49 setup.go:46: Successfully loaded database
INFO: 2021/06/30 05:13:49 setup.go:30: APIServer listening at port :8080
INFO: 2021/06/30 05:14:10 env.go:13: Successfully loaded .env file
INFO: 2021/06/30 05:14:11 setup.go:46: Successfully loaded database
INFO: 2021/06/30 05:14:11 setup.go:30: APIServer listening at port :8080
INFO: 2021/06/30 05:14:47 env.go:13: Successfully loaded .env file
INFO: 2021/06/30 05:14:47 setup.go:46: Successfully loaded database
INFO: 2021/06/30 05:14:47 setup.go:30: APIServer listening at port :8080
INFO: 2021/06/30 05:14:51 jwt.go:62: Client Authenticated
INFO: 2021/06/30 05:14:51 user.go:29: Success GET USER: admin
INFO: 2021/06/30 05:15:52 jwt.go:62: Client Authenticated
INFO: 2021/06/30 05:15:52 user.go:29: Success GET USER: admin
INFO: 2021/06/30 05:17:41 env.go:13: Successfully loaded .env file
INFO: 2021/06/30 05:17:41 setup.go:46: Successfully loaded database
INFO: 2021/06/30 05:17:41 setup.go:30: APIServer listening at port :8080
INFO: 2021/06/30 05:17:48 jwt.go:62: Client Authenticated
INFO: 2021/06/30 05:17:48 user.go:29: Success GET USER: admin
INFO: 2021/06/30 05:17:49 jwt.go:62: Client Authenticated
INFO: 2021/06/30 05:17:50 user.go:29: Success GET USER: admin
INFO: 2021/06/30 05:17:53 jwt.go:62: Client Authenticated
INFO: 2021/06/30 05:17:53 user.go:29: Success GET USER: admin
